# Syntax of the descriptor file
# -----------------------------
# <descriptor_file> ::= { <descriptor_def> }
#
# <descriptor_def> ::= Descriptor <descriptor_no>
#                        [ <list_def>  ]
#                        [ { <field_def> } ]
#                      End Descriptor
#
# <list_def>  ::= List
#                   <field_geo_and_color>
#                 End List
#
# <field_def> ::= Field <field_no> <field_type>
#                   <field_geo_and_color>
#                   [ <init_def> ]
#                 End Field
#
# <field_type> ::= Put  |  Button  |  Get
#
# <field_geo_and_color> ::= Geometry <geometry>
#                           Colors   <colors>
#
# <geometry> ::= <upper_left_row> <upper_left_col>
#                <lower_right_row> <lower_right_col>
#
# <colors> ::= <foreground_color> [ <blink> ]
#                          <background_color> [ <selected_color> ]
#
# <init_def> ::= Init
#                  [ { <init_line> } ]
#                End Init
#
# <init_line> ::= <init_row> <init_col> [ <init_string> ]
#
#
# Semantic of the descriptor file
# -------------------------------
# - <descriptor_no> has to be positive range 1 .. 50 and sole (no double)
# - List has to be defined none or once per descriptor
# - <field_no> have to be within Field_Range (1 .. 200), strictly crescent
#                    within one descriptor, no "hole", no double
# - <geometry> must define at least one row and one col
# - <geometry> must not make the field overlap with another field of the
#                    descriptor
# - <geometry> of a Get field must define only one row
# - <foreground_color> must be of Colors for Put fields
#                    and of Basic_Colors for Button, Get and List
# - <background_color> and <selected_color> must be Basic_Colors
# - <blink> is mandatory for Put fields and must not be specified
#                    for List, Button and Get fields
# - <selected_color> is mandatory for List and Get fields and
#                    must not be specified for Put and Button
# - <init_row> have to be compatible with <geometry>
#                    crescent, no double (holes allowed)
# - <init_col> have to be compatible with <geometry>
# - <init_string> have to be compatible with <geometry> and <init_col>
#
# Infos
# -----
# Separator is space or tabulation
# Both full UPPERCASE or Mixed_Case keywords are accepted (not lowercase)
# Comments are lines with '#' as first signficant character
# Rows are from 0 to 24
# Cols are from 0 to 79
# Basic colors are Black, Blue, Green, Cyan, Red, Magenta, Brown, Light_Gray
# Colors are basic colors plus Dark_Gray, Light_Blue, Light_Green, Orange,
#                              Yellow, White
# Blink is "Blink" or "Not_Blink"
# Upper case is mandatory for keywords, not significant for colors and blink,
#  significant for init_string
#
# Summary of color combinations
# -----------------------------
#  Type  |   Foreground  Blink  Background  Selected
#  -------------------------------------------------
#  Put   |   X Colors    X      X Basic
#  Button|   X Basic            X Basic
#  Get   |   X Basic            X Basic     X Basic
#  List  |   X Basic            X Basic     X Basic

# Menu 1 : Data
Descriptor 1

  List
    Geometry 2 33 21 65
    Colors cyan brown red
  End List

  Field 1 Put
    Geometry 0 25 0 48
    Colors light_gray not_blink black
    Init
      0 0 POLYNOMIAL APPROXIMATION
    End Init
  End Field

  # Title
  Field 2 Put
    Geometry 1 3 1 27
    Colors cyan not_blink black
  End Field

  # File name
  Field 3 Put
    Geometry 1 33 1 37
    Colors light_gray not_blink black
    Init
      0 0 File:
    End Init
  End Field

  Field 4 Put
    Geometry 1 39 1 65
    Colors cyan not_blink black
  End Field

  # Points
  Field 5 Put
    Geometry 1 68 1 71
    Colors cyan not_blink black
  End Field

  Field 6 Put
    Geometry 1 73 1 78
    Colors light_gray not_blink black
    Init
      0 0 points
    End Init
  End Field

  Field 7 Put
    Geometry 2 71 2 73
    Colors white blink black
    Init
      0 0 NOT
    End Init
  End Field

  Field 8 Put
    Geometry 3 70 3 74
    Colors light_gray not_blink black
    Init
      0 0 saved
    End Init
  End Field

  # Get
  Field 9 Get
    Geometry 23 1 23 33
    Colors cyan brown brown
  End Field

  # Message
  Field 10 Put
    Geometry 23 35 23 78
    Colors light_gray not_blink black
  End Field

  # List Action
  Field 11 Button
    Geometry 5 69 5 77
    Colors cyan brown
    Init
      0 3 Top
    End Init
  End Field

  Field 12 Button
    Geometry 7 69 9 77
    Colors cyan brown
    Init
      1 2 Pg Up
    End Init
  End Field

  Field 13 Button
    Geometry 11 69 11 77
    Colors cyan brown
    Init
      0 3 Up
    End Init
  End Field

  Field 14 Button
    Geometry 15 69 15 77
    Colors cyan brown
    Init
      0 2 Down
    End Init
  End Field

  Field 15 Button
    Geometry 17 69 19 77
    Colors cyan brown
    Init
      1 1 Pg Down
    End Init
  End Field

  Field 16 Button
    Geometry 21 69 21 77
    Colors cyan brown
    Init
      0 1 Bottom
    End Init
  End Field

  # EXIT/BACK, OK, CANCEL
  Field 17 Button
    Geometry 19 11 21 20
    Colors cyan brown
    Init
      1 3 EXIT
    End Init
  End Field

  Field 18 Button
    Geometry 19 2 21 9
    Colors cyan brown
    Init
      1 3 OK
    End Init
  End Field

  Field 19 Button
    Geometry 19 22 21 31
    Colors cyan brown
    Init
      1 2 CANCEL
    End Init
  End Field

  # Menu specific 1 T+3B
  Field 20 Put
    Geometry 3 13 3 16
    Colors light_gray not_blink black
    Init
      0 0 Data
    End Init
  End Field

  Field 21 Button
    Geometry 4 2 6 9
    Colors cyan brown
    Init
      1 2 Load
    End Init
  End Field

  Field 22 Button
    Geometry 4 11 6 20
    Colors cyan brown
    Init
      1 3 Save
    End Init
  End Field

  Field 23 Button
    Geometry 4 22 6 31
    Colors cyan brown
    Init
      1 3 New
    End Init
  End Field

  # Menu specific 2 T+3B
  Field 24 Put
    Geometry 8 13 8 17
    Colors light_gray not_blink black
    Init
      0 0 Point
    End Init
  End Field

  Field 25 Button
    Geometry 9 2 11 9
    Colors cyan brown
    Init
      1 2 Add
    End Init
  End Field

  Field 26 Button
    Geometry 9 11 11 20
    Colors cyan brown
    Init
      1 2 Delete
    End Init
  End Field

  Field 27 Button
    Geometry 9 22 11 31
    Colors cyan brown
    Init
      1 2 Modify
    End Init
  End Field

  # Menu specific 3 T+3B
  Field 28 Put
    Geometry 13 0 13 0
    Colors black not_blink black
  End Field

  Field 29 Button
    Geometry 14 2 16 20
    Colors cyan brown
    Init
      1 3 Approximation
    End Init
  End Field

  Field 30 Put
    Geometry 15 21 15 21
    Colors black not_blink black
  End Field

  Field 31 Button
    Geometry 14 22 16 31
    Colors cyan brown
    Init
      1 3 Sort
    End Init
  End Field

End Descriptor


# File selection
Descriptor 2

  List
    Geometry 2 11 21 65
    Colors cyan brown red
  End List

  Field 1 Put
    Geometry 0 25 0 48
    Colors light_gray not_blink black
    Init
      0 0 POLYNOMIAL APPROXIMATION
    End Init
  End Field

  # Title
  Field 2 Put
    Geometry 1 3 1 27
    Colors cyan not_blink black
  End Field

  # File
  Field 3 Put
    Geometry 1 33 1 37
    Colors light_gray not_blink black
    Init
      0 0 File:
    End Init
  End Field

  Field 4 Put
    Geometry 1 39 1 65
    Colors cyan not_blink black
  End Field

  # Get
  Field 5 Get
    Geometry 23 1 23 33
    Colors cyan brown brown
  End Field

  # Messages
  Field 6 Put
    Geometry 23 35 23 78
    Colors light_gray not_blink black
  End Field

  # List actions
  Field 7 Button
    Geometry 5 69 5 77
    Colors cyan brown
    Init
      0 3 Top
    End Init
  End Field

  Field 8 Button
    Geometry 7 69 9 77
    Colors cyan brown
    Init
      1 2 Pg Up
    End Init
  End Field

  Field 9 Button
    Geometry 11 69 11 77
    Colors cyan brown
    Init
      0 3 Up
    End Init
  End Field

  Field 10 Button
    Geometry 13 69 13 77
    Colors cyan brown
    Init
      0 1 Center
    End Init
  End Field

  Field 11 Button
    Geometry 15 69 15 77
    Colors cyan brown
    Init
      0 2 Down
    End Init
  End Field

  Field 12 Button
    Geometry 17 69 19 77
    Colors cyan brown
    Init
      1 1 Pg Down
    End Init
  End Field

  Field 13 Button
    Geometry 21 69 21 77
    Colors cyan brown
    Init
      0 1 Bottom
    End Init
  End Field

  # Reread
  Field 14 Button
    Geometry 11 2 13 9
    Colors cyan brown
    Init
      1 1 REREAD
    End Init
  End Field

  # Ok Cancel
  Field 15 Button
    Geometry 15 2 17 9
    Colors cyan brown
    Init
      1 3 OK
    End Init
  End Field

  Field 16 Button
    Geometry 19 2 21 9
    Colors cyan brown
    Init
      1 1 CANCEL
    End Init
  End Field

  # Any other field here


  # Points
  Field 17 Put
    Geometry 1 68 1 71
    Colors cyan not_blink black
  End Field

  Field 18 Put
    Geometry 1 73 1 78
    Colors light_gray not_blink black
    Init
      0 0 points
    End Init
  End Field

  Field 19 Put
    Geometry 2 71 2 73
    Colors white blink black
    Init
      0 0 NOT
    End Init
  End Field

  Field 20 Put
    Geometry 3 70 3 74
    Colors light_gray not_blink black
    Init
      0 0 saved
    End Init
  End Field

End Descriptor

# Menu 2 : degre/compute
Descriptor 3

  List
    Geometry 2 33 21 65
    Colors cyan brown red
  End List

  Field 1 Put
    Geometry 0 25 0 48
    Colors light_gray not_blink black
    Init
      0 0 POLYNOMIAL APPROXIMATION
    End Init
  End Field

  # Title
  Field 2 Put
    Geometry 1 3 1 27
    Colors cyan not_blink black
  End Field

  # File name
  Field 3 Put
    Geometry 1 33 1 37
    Colors light_gray not_blink black
    Init
      0 0 File:
    End Init
  End Field

  Field 4 Put
    Geometry 1 39 1 65
    Colors cyan not_blink black
  End Field

  # Points
  Field 5 Put
    Geometry 1 68 1 71
    Colors cyan not_blink black
  End Field

  Field 6 Put
    Geometry 1 73 1 78
    Colors light_gray not_blink black
    Init
      0 0 points
    End Init
  End Field

  Field 7 Put
    Geometry 2 71 2 73
    Colors white blink black
    Init
      0 0 NOT
    End Init
  End Field

  Field 8 Put
    Geometry 3 70 3 74
    Colors light_gray not_blink black
    Init
      0 0 saved
    End Init
  End Field

  # Get
  Field 9 Get
    Geometry 23 1 23 33
    Colors cyan brown brown
  End Field

  # Message
  Field 10 Put
    Geometry 23 35 23 78
    Colors light_gray not_blink black
  End Field

  # List Action
  Field 11 Button
    Geometry 5 69 5 77
    Colors cyan brown
    Init
      0 3 Top
    End Init
  End Field

  Field 12 Button
    Geometry 7 69 9 77
    Colors cyan brown
    Init
      1 2 Pg Up
    End Init
  End Field

  Field 13 Button
    Geometry 11 69 11 77
    Colors cyan brown
    Init
      0 3 Up
    End Init
  End Field

  Field 14 Button
    Geometry 15 69 15 77
    Colors cyan brown
    Init
      0 2 Down
    End Init
  End Field

  Field 15 Button
    Geometry 17 69 19 77
    Colors cyan brown
    Init
      1 1 Pg Down
    End Init
  End Field

  Field 16 Button
    Geometry 21 69 21 77
    Colors cyan brown
    Init
      0 1 Bottom
    End Init
  End Field

  # EXIT/BACK, OK, CANCEL
  Field 17 Button
    Geometry 19 11 21 20
    Colors cyan brown
    Init
      1 3 BACK
    End Init
  End Field

  Field 18 Button
    Geometry 19 2 21 9
    Colors cyan brown
    Init
      1 3 OK
    End Init
  End Field

  Field 19 Button
    Geometry 19 22 21 31
    Colors cyan brown
    Init
      1 2 CANCEL
    End Init
  End Field

  # Menu specific 1 2T+1B
  Field 20 Put
    Geometry 3 7 3 21
    Colors light_gray not_blink black
    Init
      0 0 Current degree:
    End Init
  End Field

  Field 21 Put
    Geometry 3 23 3 26
    Colors cyan not_blink black
  End Field

  Field 22 Button
    Geometry 4 9 6 22
    Colors cyan brown
    Init
      1 2 Set degree
    End Init
  End Field

  Field 23 Put
    Geometry 4 0 4 0
    Colors black not_blink black
  End Field

  # Menu specific 2 T+2B
  Field 24 Put
    Geometry 8 13 8 19
    Colors light_gray not_blink black
    Init
      0 0 Compute
    End Init
  End Field

  Field 25 Button
    Geometry 9 5 11 15
    Colors cyan brown
    Init
      1 2 Polynom
    End Init
  End Field

  Field 26 Put
    Geometry 9 0 11 0
    Colors black not_blink black
  End Field

  Field 27 Button
    Geometry 9 17 11 28
    Colors cyan brown
    Init
      1 2 y = F(x)
    End Init
  End Field

  # Menu specific 3 T+2B
  Field 28 Put
    Geometry 13 14 13 17
    Colors light_gray not_blink black
    Init
      0 0 Draw
    End Init
  End Field

  Field 29 Button
    Geometry 14 2 16 15
    Colors cyan brown
    Init
      1 2 Set bounds
    End Init
  End Field

  Field 30 Put
    Geometry 14 0 14 0
    Colors black not_blink black
  End Field

  Field 31 Button
    Geometry 14 17 16 31
    Colors cyan brown
    Init
      1 3 Draw curve
    End Init
  End Field

  # Activated Only on y=f(x)
  # to display F(....) = 
  Field 32 Put
    Geometry 22 1 22 33
    Colors black not_blink black
  End Field

End Descriptor


# Menu 2.1 bounds
Descriptor 4

  List
    Geometry 2 33 21 65
    Colors cyan brown red
  End List

  Field 1 Put
    Geometry 0 25 0 48
    Colors light_gray not_blink black
    Init
      0 0 POLYNOMIAL APPROXIMATION
    End Init
  End Field

  # Title
  Field 2 Put
    Geometry 1 3 1 27
    Colors cyan not_blink black
  End Field

  # File name
  Field 3 Put
    Geometry 1 33 1 37
    Colors light_gray not_blink black
    Init
      0 0 File:
    End Init
  End Field

  Field 4 Put
    Geometry 1 39 1 65
    Colors cyan not_blink black
  End Field

  # Points
  Field 5 Put
    Geometry 1 68 1 71
    Colors cyan not_blink black
  End Field

  Field 6 Put
    Geometry 1 73 1 78
    Colors light_gray not_blink black
    Init
      0 0 points
    End Init
  End Field

  Field 7 Put
    Geometry 2 71 2 73
    Colors white blink black
    Init
      0 0 NOT
    End Init
  End Field

  Field 8 Put
    Geometry 3 70 3 74
    Colors light_gray not_blink black
    Init
      0 0 saved
    End Init
  End Field

  # Get
  Field 9 Get
    Geometry 23 1 23 33
    Colors cyan brown brown
  End Field

  # Message
  Field 10 Put
    Geometry 23 35 23 78
    Colors light_gray not_blink black
  End Field

  # List Action
  Field 11 Button
    Geometry 5 69 5 77
    Colors cyan brown
    Init
      0 3 Top
    End Init
  End Field

  Field 12 Button
    Geometry 7 69 9 77
    Colors cyan brown
    Init
      1 2 Pg Up
    End Init
  End Field

  Field 13 Button
    Geometry 11 69 11 77
    Colors cyan brown
    Init
      0 3 Up
    End Init
  End Field

  Field 14 Button
    Geometry 15 69 15 77
    Colors cyan brown
    Init
      0 2 Down
    End Init
  End Field

  Field 15 Button
    Geometry 17 69 19 77
    Colors cyan brown
    Init
      1 1 Pg Down
    End Init
  End Field

  Field 16 Button
    Geometry 21 69 21 77
    Colors cyan brown
    Init
      0 1 Bottom
    End Init
  End Field

  # EXIT/BACK, OK, CANCEL
  Field 17 Button
    Geometry 19 11 21 20
    Colors cyan brown
    Init
      1 2 CLEAR
    End Init
  End Field

  Field 18 Button
    Geometry 19 2 21 9
    Colors cyan brown
    Init
      1 3 OK
    End Init
  End Field

  Field 19 Button
    Geometry 19 22 21 31
    Colors cyan brown
    Init
      1 2 CANCEL
    End Init
  End Field

  # Menu specific 1 T+2B
  Field 20 Put
    Geometry 2 2 2 31
    Colors light_gray not_blink black
    Init
      0 0 Computed from curve and points
    End Init
  End Field

  Field 21 Button
    Geometry 3 2 5 15
    Colors cyan brown
    Init
      1 2 Fit screen
    End Init
  End Field

  Field 22 Button
    Geometry 3 17 5 31
    Colors cyan brown
    Init
      1 4 Normed
    End Init
  End Field

  Field 23 Put
    Geometry 4 0 4 0
    Colors black not_blink black
  End Field

  # Menu specific 2 T+2B
  Field 24 Put
    Geometry 6 5 6 28
    Colors light_gray not_blink black
    Init
      0 0 X defined and Y computed
    End Init
  End Field

  Field 25 Button
    Geometry 7 2 9 15
    Colors cyan brown
    Init
      1 2 Fit screen
    End Init
  End Field

  Field 26 Button
    Geometry 7 17 9 31
    Colors cyan brown
    Init
      1 4 Normed
    End Init
  End Field

  Field 27 Put
    Geometry 8 0 8 0
    Colors black not_blink black
  End Field

  # Menu specific 3 T+2B
  Field 28 Put
    Geometry 10 9 10 23
    Colors light_gray not_blink black
    Init
      0 0 X and Y defined
    End Init
  End Field

  Field 29 Button
    Geometry 11 2 13 15
    Colors cyan brown
    Init
      1 2 Fit screen
    End Init
  End Field

  Field 30 Button
    Geometry 11 17 13 31
    Colors cyan brown
    Init
      1 4 Normed
    End Init
  End Field

  Field 31 Put
    Geometry 12 0 12 0
    Colors black not_blink black
  End Field

  # Very specific 3 T+2P
  Field 32 Put
    Geometry 14 2 14 9
    Colors light_gray not_blink black
    Init
      0 0 Current:
    End Init
  End Field

  Field 33 Put
    Geometry 14 11 14 31
    Colors cyan not_blink black
  End Field

  Field 34 Put
    Geometry 15 3 18 24
    Colors cyan not_blink black
  End Field

End Descriptor

