# Syntax of the descriptor file
# -----------------------------
# <descriptor_file> ::= { <descriptor_def> }
#
# <descriptor_def> ::= Descriptor <descriptor_no>
#                        [ <list_def>  ]
#                        [ { <field_def> } ]
#                      End Descriptor
#
# <list_def>  ::= List
#                   <field_geo_and_color>
#                 End List
#
# <field_def> ::= Field <field_no> <field_type>
#                   <field_geo_and_color>
#                   [ <init_def> ]
#                 End Field
#
# <field_type> ::= Put  |  Button  |  Get
#
# <field_geo_and_color> ::= Geometry <geometry>
#                           Colors   <colors>
#
# <geometry> ::= <upper_left_row> <upper_left_col>
#                <lower_right_row> <lower_right_col>
#
# <colors> ::= <foreground_color> [ <blink> ]
#                          <background_color> [ <selected_color> ]
#
# <init_def> ::= Init
#                  [ { <init_line> } ]
#                End Init
#
# <init_line> ::= <init_row> <init_col> [ <init_string> ]
#
#
# Semantic of the descriptor file
# -------------------------------
# - <descriptor_no> has to be positive range 1 .. 50 and sole (no double)
# - List has to be defined none or once per descriptor
# - <field_no> have to be within Field_Range (1 .. 200), strictly crescent
#                    within one descriptor, no "hole", no double
# - <geometry> must define at least one row and one col
# - <geometry> must not make the field overlap with another field of the
#                    descriptor
# - <geometry> of a Get field must define only one row
# - <foreground_color> must be of Colors for Put fields
#                    and of Basic_Colors for Button, Get and List
# - <background_color> and <selected_color> must be Basic_Colors
# - <blink> is mandatory for Put fields and must not be specified
#                    for List, Button and Get fields
# - <selected_color> is mandatory for List and Get fields and
#                    must not be specified for Put and Button
# - <init_row> have to be compatible with <geometry>
#                    crescent, no double (holes allowed)
# - <init_col> have to be compatible with <geometry>
# - <init_string> have to be compatible with <geometry> and <init_col>
#
# Infos
# -----
# Separator is space or tabulation
# Both full UPPERCASE or Mixed_Case keywords are accepted (not lowercase)
# Comments are lines with '#' as first signficant character
# Rows are from 0 to 24
# Cols are from 0 to 79
# Basic colors are Black, Blue, Green, Cyan, Red, Magenta, Brown, Light_Gray
# Colors are basic colors plus Dark_Gray, Light_Blue, Light_Green, Orange,
#                              Yellow, White
# Blink is "Blink" or "Not_Blink"
# Upper case is mandatory for keywords, not significant for colors and blink,
#  significant for init_string
#
# Summary of color combinations
# -----------------------------
#  Type  |   Foreground  Blink  Background  Selected
#  -------------------------------------------------
#  Put   |   X Colors    X      X Basic
#  Button|   X Basic            X Basic
#  Get   |   X Basic            X Basic     X Basic
#  List  |   X Basic            X Basic     X Basic

Descriptor 1

  # Title
  Field 1 Put
    Geometry 0 25 0 48
    Colors light_gray not_blink black
    Init
      0 0 GREAT CIRCLE
    End Init
  End Field

  # Point A, Point B, heading and distance columns
  Field 2 Put
    Geometry 5 1 5 14
    Colors cyan not_blink black
    Init
      0 0 Point A (From)
    End Init
  End Field

  Field 3 Put
    Geometry 5 22 5 33
    Colors cyan not_blink black
    Init
      0 0 Point B (To)
    End Init
  End Field

  Field 4 Put
    Geometry 5 45 5 52
    Colors cyan not_blink black
    Init
      0 0 Route
    End Init
  End Field

  Field 5 Put
    Geometry 5 55 5 67
    Colors cyan not_blink black
    Init
      0 0 Distance (Nm)
    End Init
  End Field

  # Point A Lat/Lon
  Field 6 Get
    Geometry 6 1 6 1
    Colors cyan brown brown
    Init
      0 0 N
    End Init
  End Field

  Field 7 Get
    Geometry 6 2 6 3
    Colors cyan brown brown
    Init
      0 0 00
    End Init
  End Field

  Field 8 Put
    Geometry 6 4 6 4
    Colors cyan not_blink black
    Init
      0 0 .
    End Init
  End Field

  Field 9 Get
    Geometry 6 5 6 6
    Colors cyan brown brown
    Init
      0 0 00
    End Init
  End Field

  Field 10 Put
    Geometry 6 7 6 7
    Colors cyan not_blink black
    Init
      0 0 .
    End Init
  End Field

  Field 11 Get
    Geometry 6 8 6 9
    Colors cyan brown brown
    Init
      0 0 00
    End Init
  End Field

  Field 12 Put
    Geometry 6 10 6 10
    Colors cyan not_blink black
    Init
      0 0 /
    End Init
  End Field

  Field 13 Get
    Geometry 6 11 6 11
    Colors cyan brown brown
    Init
      0 0 W
    End Init
  End Field

  Field 14 Get
    Geometry 6 12 6 14
    Colors cyan brown brown
    Init
      0 0 000
    End Init
  End Field

  Field 15 Put
    Geometry 6 15 6 15
    Colors cyan not_blink black
    Init
      0 0 .
    End Init
  End Field

  Field 16 Get
    Geometry 6 16 6 17
    Colors cyan brown brown
    Init
      0 0 00
    End Init
  End Field

  Field 17 Put
    Geometry 6 18 6 18
    Colors cyan not_blink black
    Init
      0 0 .
    End Init
  End Field

  Field 18 Get
    Geometry 6 19 6 20
    Colors cyan brown brown
    Init
      0 0 00
    End Init
  End Field

  # Point B Lat/Lon
  Field 19 Get
    Geometry 6 22 6 22
    Colors cyan brown brown
    Init
      0 0 N
    End Init
  End Field

  Field 20 Get
    Geometry 6 23 6 24
    Colors cyan brown brown
    Init
      0 0 00
    End Init
  End Field

  Field 21 Put
    Geometry 6 25 6 25
    Colors cyan not_blink black
    Init
      0 0 .
    End Init
  End Field

  Field 22 Get
    Geometry 6 26 6 27
    Colors cyan brown brown
    Init
      0 0 00
    End Init
  End Field

  Field 23 Put
    Geometry 6 28 6 28
    Colors cyan not_blink black
    Init
      0 0 .
    End Init
  End Field

  Field 24 Get
    Geometry 6 29 6 30
    Colors cyan brown brown
    Init
      0 0 00
    End Init
  End Field

  Field 25 Put
    Geometry 6 31 6 31
    Colors cyan not_blink black
    Init
      0 0 /
    End Init
  End Field

  Field 26 Get
    Geometry 6 32 6 32
    Colors cyan brown brown
    Init
      0 0 W
    End Init
  End Field

  Field 27 Get
    Geometry 6 33 6 35
    Colors cyan brown brown
    Init
      0 0 000
    End Init
  End Field

  Field 28 Put
    Geometry 6 36 6 36
    Colors cyan not_blink black
    Init
      0 0 .
    End Init
  End Field

  Field 29 Get
    Geometry 6 37 6 38
    Colors cyan brown brown
    Init
      0 0 00
    End Init
  End Field

  Field 30 Put
    Geometry 6 39 6 39
    Colors cyan not_blink black
    Init
      0 0 .
    End Init
  End Field

  Field 31 Get
    Geometry 6 40 6 41
    Colors cyan brown brown
    Init
      0 0 00
    End Init
  End Field

  # Route and distance
  Field 32 Put
    Geometry 6 45 6 53
    Colors light_gray not_blink black
  End Field

  Field 33 Put
    Geometry 6 55 6 60
    Colors light_gray not_blink black
  End Field

  # Compute and Exit buttons
  Field 34 Button
    Geometry 8 3 10 11
    Colors cyan brown
    Init
      1 1 COMPUTE
    End Init
  End Field

  Field 35 Button
    Geometry 8 16 10 21
    Colors cyan brown
    Init
      1 1 EXIT
    End Init
  End Field

End DESCRIPTOR

